[2012-10-02 15:07:16] request.ERROR: Symfony\Component\HttpKernel\Exception\NotFoundHttpException: No route found for "GET /css/bootstrap-responsive.css" (uncaught exception) at /home/aczepod/Sites/Bioversity_symfony/vendor/symfony/symfony/src/Symfony/Component/HttpKernel/EventListener/RouterListener.php line 92 [] []
[2012-10-02 15:07:17] request.ERROR: Symfony\Component\HttpKernel\Exception\NotFoundHttpException: No route found for "GET /css/bootstrap.css" (uncaught exception) at /home/aczepod/Sites/Bioversity_symfony/vendor/symfony/symfony/src/Symfony/Component/HttpKernel/EventListener/RouterListener.php line 92 [] []
[2012-10-02 15:07:17] request.ERROR: Symfony\Component\HttpKernel\Exception\NotFoundHttpException: No route found for "GET /js/jquery.js" (uncaught exception) at /home/aczepod/Sites/Bioversity_symfony/vendor/symfony/symfony/src/Symfony/Component/HttpKernel/EventListener/RouterListener.php line 92 [] []
[2012-10-02 15:07:17] request.ERROR: Symfony\Component\HttpKernel\Exception\NotFoundHttpException: No route found for "GET /js/bootstrap-transition.js" (uncaught exception) at /home/aczepod/Sites/Bioversity_symfony/vendor/symfony/symfony/src/Symfony/Component/HttpKernel/EventListener/RouterListener.php line 92 [] []
[2012-10-02 15:07:17] request.ERROR: Symfony\Component\HttpKernel\Exception\NotFoundHttpException: No route found for "GET /css/style.css" (uncaught exception) at /home/aczepod/Sites/Bioversity_symfony/vendor/symfony/symfony/src/Symfony/Component/HttpKernel/EventListener/RouterListener.php line 92 [] []
[2012-10-02 15:07:18] request.ERROR: Symfony\Component\HttpKernel\Exception\NotFoundHttpException: No route found for "GET /js/bootstrap-alert.js" (uncaught exception) at /home/aczepod/Sites/Bioversity_symfony/vendor/symfony/symfony/src/Symfony/Component/HttpKernel/EventListener/RouterListener.php line 92 [] []
[2012-10-02 15:07:19] request.ERROR: Symfony\Component\HttpKernel\Exception\NotFoundHttpException: No route found for "GET /js/bootstrap-tab.js" (uncaught exception) at /home/aczepod/Sites/Bioversity_symfony/vendor/symfony/symfony/src/Symfony/Component/HttpKernel/EventListener/RouterListener.php line 92 [] []
[2012-10-02 15:07:19] request.ERROR: Symfony\Component\HttpKernel\Exception\NotFoundHttpException: No route found for "GET /js/bootstrap-modal.js" (uncaught exception) at /home/aczepod/Sites/Bioversity_symfony/vendor/symfony/symfony/src/Symfony/Component/HttpKernel/EventListener/RouterListener.php line 92 [] []
[2012-10-02 15:07:19] request.ERROR: Symfony\Component\HttpKernel\Exception\NotFoundHttpException: No route found for "GET /js/bootstrap-dropdown.js" (uncaught exception) at /home/aczepod/Sites/Bioversity_symfony/vendor/symfony/symfony/src/Symfony/Component/HttpKernel/EventListener/RouterListener.php line 92 [] []
[2012-10-02 15:07:19] request.ERROR: Symfony\Component\HttpKernel\Exception\NotFoundHttpException: No route found for "GET /js/bootstrap-button.js" (uncaught exception) at /home/aczepod/Sites/Bioversity_symfony/app/cache/prod/classes.php line 5156 [] []
[2012-10-02 15:07:20] request.ERROR: Symfony\Component\HttpKernel\Exception\NotFoundHttpException: No route found for "GET /js/bootstrap-collapse.js" (uncaught exception) at /home/aczepod/Sites/Bioversity_symfony/app/cache/prod/classes.php line 5156 [] []
[2012-10-02 15:07:20] request.ERROR: Symfony\Component\HttpKernel\Exception\NotFoundHttpException: No route found for "GET /js/bootstrap-carousel.js" (uncaught exception) at /home/aczepod/Sites/Bioversity_symfony/app/cache/prod/classes.php line 5156 [] []
[2012-10-02 15:07:20] request.ERROR: Symfony\Component\HttpKernel\Exception\NotFoundHttpException: No route found for "GET /js/bootstrap-typeahead.js" (uncaught exception) at /home/aczepod/Sites/Bioversity_symfony/app/cache/prod/classes.php line 5156 [] []
[2012-10-02 15:07:20] request.ERROR: Symfony\Component\HttpKernel\Exception\NotFoundHttpException: No route found for "GET /js/bootstrap-scrollspy.js" (uncaught exception) at /home/aczepod/Sites/Bioversity_symfony/vendor/symfony/symfony/src/Symfony/Component/HttpKernel/EventListener/RouterListener.php line 92 [] []
[2012-10-02 15:07:20] request.ERROR: Symfony\Component\HttpKernel\Exception\NotFoundHttpException: No route found for "GET /js/bootstrap-popover.js" (uncaught exception) at /home/aczepod/Sites/Bioversity_symfony/vendor/symfony/symfony/src/Symfony/Component/HttpKernel/EventListener/RouterListener.php line 92 [] []
[2012-10-02 15:07:20] request.ERROR: Symfony\Component\HttpKernel\Exception\NotFoundHttpException: No route found for "GET /js/bootstrap-tooltip.js" (uncaught exception) at /home/aczepod/Sites/Bioversity_symfony/vendor/symfony/symfony/src/Symfony/Component/HttpKernel/EventListener/RouterListener.php line 92 [] []
[2012-10-02 15:07:21] request.ERROR: Symfony\Component\HttpKernel\Exception\NotFoundHttpException: No route found for "GET /js/bootstrap-transition.js" (uncaught exception) at /home/aczepod/Sites/Bioversity_symfony/app/cache/prod/classes.php line 5156 [] []
[2012-10-02 15:07:21] request.ERROR: Symfony\Component\HttpKernel\Exception\NotFoundHttpException: No route found for "GET /js/bootstrap-alert.js" (uncaught exception) at /home/aczepod/Sites/Bioversity_symfony/app/cache/prod/classes.php line 5156 [] []
[2012-10-02 15:07:21] request.ERROR: Symfony\Component\HttpKernel\Exception\NotFoundHttpException: No route found for "GET /js/bootstrap-modal.js" (uncaught exception) at /home/aczepod/Sites/Bioversity_symfony/app/cache/prod/classes.php line 5156 [] []
[2012-10-02 15:07:21] request.ERROR: Symfony\Component\HttpKernel\Exception\NotFoundHttpException: No route found for "GET /js/bootstrap-dropdown.js" (uncaught exception) at /home/aczepod/Sites/Bioversity_symfony/app/cache/prod/classes.php line 5156 [] []
[2012-10-02 15:07:21] request.ERROR: Symfony\Component\HttpKernel\Exception\NotFoundHttpException: No route found for "GET /js/bootstrap-scrollspy.js" (uncaught exception) at /home/aczepod/Sites/Bioversity_symfony/app/cache/prod/classes.php line 5156 [] []
[2012-10-02 15:07:21] request.ERROR: Symfony\Component\HttpKernel\Exception\NotFoundHttpException: No route found for "GET /js/bootstrap-tab.js" (uncaught exception) at /home/aczepod/Sites/Bioversity_symfony/app/cache/prod/classes.php line 5156 [] []
[2012-10-02 15:07:21] request.ERROR: Symfony\Component\HttpKernel\Exception\NotFoundHttpException: No route found for "GET /js/bootstrap-tooltip.js" (uncaught exception) at /home/aczepod/Sites/Bioversity_symfony/app/cache/prod/classes.php line 5156 [] []
[2012-10-02 15:07:22] request.ERROR: Symfony\Component\HttpKernel\Exception\NotFoundHttpException: No route found for "GET /js/bootstrap-popover.js" (uncaught exception) at /home/aczepod/Sites/Bioversity_symfony/app/cache/prod/classes.php line 5156 [] []
[2012-10-02 15:07:22] request.ERROR: Symfony\Component\HttpKernel\Exception\NotFoundHttpException: No route found for "GET /js/bootstrap-button.js" (uncaught exception) at /home/aczepod/Sites/Bioversity_symfony/app/cache/prod/classes.php line 5156 [] []
[2012-10-02 15:07:22] request.ERROR: Symfony\Component\HttpKernel\Exception\NotFoundHttpException: No route found for "GET /js/bootstrap-collapse.js" (uncaught exception) at /home/aczepod/Sites/Bioversity_symfony/app/cache/prod/classes.php line 5156 [] []
[2012-10-02 15:07:22] request.ERROR: Symfony\Component\HttpKernel\Exception\NotFoundHttpException: No route found for "GET /js/bootstrap-carousel.js" (uncaught exception) at /home/aczepod/Sites/Bioversity_symfony/app/cache/prod/classes.php line 5156 [] []
[2012-10-02 15:07:22] request.ERROR: Symfony\Component\HttpKernel\Exception\NotFoundHttpException: No route found for "GET /js/bootstrap-typeahead.js" (uncaught exception) at /home/aczepod/Sites/Bioversity_symfony/app/cache/prod/classes.php line 5156 [] []
[2012-10-02 15:07:33] request.ERROR: Symfony\Component\HttpKernel\Exception\NotFoundHttpException: No route found for "GET /css/bootstrap.css" (uncaught exception) at /home/aczepod/Sites/Bioversity_symfony/app/cache/prod/classes.php line 5156 [] []
[2012-10-02 15:07:33] request.ERROR: Symfony\Component\HttpKernel\Exception\NotFoundHttpException: No route found for "GET /js/bootstrap-alert.js" (uncaught exception) at /home/aczepod/Sites/Bioversity_symfony/app/cache/prod/classes.php line 5156 [] []
[2012-10-02 15:07:33] request.ERROR: Symfony\Component\HttpKernel\Exception\NotFoundHttpException: No route found for "GET /css/style.css" (uncaught exception) at /home/aczepod/Sites/Bioversity_symfony/app/cache/prod/classes.php line 5156 [] []
[2012-10-02 15:07:33] request.ERROR: Symfony\Component\HttpKernel\Exception\NotFoundHttpException: No route found for "GET /js/bootstrap-transition.js" (uncaught exception) at /home/aczepod/Sites/Bioversity_symfony/app/cache/prod/classes.php line 5156 [] []
[2012-10-02 15:07:33] request.ERROR: Symfony\Component\HttpKernel\Exception\NotFoundHttpException: No route found for "GET /js/jquery.js" (uncaught exception) at /home/aczepod/Sites/Bioversity_symfony/app/cache/prod/classes.php line 5156 [] []
[2012-10-02 15:07:33] request.ERROR: Symfony\Component\HttpKernel\Exception\NotFoundHttpException: No route found for "GET /css/bootstrap-responsive.css" (uncaught exception) at /home/aczepod/Sites/Bioversity_symfony/app/cache/prod/classes.php line 5156 [] []
[2012-10-02 15:07:33] request.ERROR: Symfony\Component\HttpKernel\Exception\NotFoundHttpException: No route found for "GET /js/bootstrap-dropdown.js" (uncaught exception) at /home/aczepod/Sites/Bioversity_symfony/app/cache/prod/classes.php line 5156 [] []
[2012-10-02 15:07:33] request.ERROR: Symfony\Component\HttpKernel\Exception\NotFoundHttpException: No route found for "GET /js/bootstrap-modal.js" (uncaught exception) at /home/aczepod/Sites/Bioversity_symfony/app/cache/prod/classes.php line 5156 [] []
[2012-10-02 15:07:33] request.ERROR: Symfony\Component\HttpKernel\Exception\NotFoundHttpException: No route found for "GET /js/bootstrap-tab.js" (uncaught exception) at /home/aczepod/Sites/Bioversity_symfony/app/cache/prod/classes.php line 5156 [] []
[2012-10-02 15:07:33] request.ERROR: Symfony\Component\HttpKernel\Exception\NotFoundHttpException: No route found for "GET /js/bootstrap-scrollspy.js" (uncaught exception) at /home/aczepod/Sites/Bioversity_symfony/app/cache/prod/classes.php line 5156 [] []
[2012-10-02 15:07:33] request.ERROR: Symfony\Component\HttpKernel\Exception\NotFoundHttpException: No route found for "GET /js/bootstrap-tooltip.js" (uncaught exception) at /home/aczepod/Sites/Bioversity_symfony/app/cache/prod/classes.php line 5156 [] []
[2012-10-02 15:07:33] request.ERROR: Symfony\Component\HttpKernel\Exception\NotFoundHttpException: No route found for "GET /js/bootstrap-popover.js" (uncaught exception) at /home/aczepod/Sites/Bioversity_symfony/app/cache/prod/classes.php line 5156 [] []
[2012-10-02 15:07:33] request.ERROR: Symfony\Component\HttpKernel\Exception\NotFoundHttpException: No route found for "GET /js/bootstrap-collapse.js" (uncaught exception) at /home/aczepod/Sites/Bioversity_symfony/app/cache/prod/classes.php line 5156 [] []
[2012-10-02 15:07:33] request.ERROR: Symfony\Component\HttpKernel\Exception\NotFoundHttpException: No route found for "GET /js/bootstrap-button.js" (uncaught exception) at /home/aczepod/Sites/Bioversity_symfony/app/cache/prod/classes.php line 5156 [] []
[2012-10-02 15:07:34] request.ERROR: Symfony\Component\HttpKernel\Exception\NotFoundHttpException: No route found for "GET /js/bootstrap-carousel.js" (uncaught exception) at /home/aczepod/Sites/Bioversity_symfony/app/cache/prod/classes.php line 5156 [] []
[2012-10-02 15:07:34] request.ERROR: Symfony\Component\HttpKernel\Exception\NotFoundHttpException: No route found for "GET /js/bootstrap-typeahead.js" (uncaught exception) at /home/aczepod/Sites/Bioversity_symfony/app/cache/prod/classes.php line 5156 [] []
[2012-10-02 15:07:34] request.ERROR: Symfony\Component\HttpKernel\Exception\NotFoundHttpException: No route found for "GET /js/bootstrap-transition.js" (uncaught exception) at /home/aczepod/Sites/Bioversity_symfony/app/cache/prod/classes.php line 5156 [] []
[2012-10-02 15:07:34] request.ERROR: Symfony\Component\HttpKernel\Exception\NotFoundHttpException: No route found for "GET /js/bootstrap-alert.js" (uncaught exception) at /home/aczepod/Sites/Bioversity_symfony/app/cache/prod/classes.php line 5156 [] []
[2012-10-02 15:07:35] request.ERROR: Symfony\Component\HttpKernel\Exception\NotFoundHttpException: No route found for "GET /js/bootstrap-modal.js" (uncaught exception) at /home/aczepod/Sites/Bioversity_symfony/app/cache/prod/classes.php line 5156 [] []
[2012-10-02 15:07:35] request.ERROR: Symfony\Component\HttpKernel\Exception\NotFoundHttpException: No route found for "GET /js/bootstrap-dropdown.js" (uncaught exception) at /home/aczepod/Sites/Bioversity_symfony/app/cache/prod/classes.php line 5156 [] []
[2012-10-02 15:07:35] request.ERROR: Symfony\Component\HttpKernel\Exception\NotFoundHttpException: No route found for "GET /js/bootstrap-scrollspy.js" (uncaught exception) at /home/aczepod/Sites/Bioversity_symfony/app/cache/prod/classes.php line 5156 [] []
[2012-10-02 15:07:35] request.ERROR: Symfony\Component\HttpKernel\Exception\NotFoundHttpException: No route found for "GET /js/bootstrap-tab.js" (uncaught exception) at /home/aczepod/Sites/Bioversity_symfony/app/cache/prod/classes.php line 5156 [] []
[2012-10-02 15:07:35] request.ERROR: Symfony\Component\HttpKernel\Exception\NotFoundHttpException: No route found for "GET /js/bootstrap-tooltip.js" (uncaught exception) at /home/aczepod/Sites/Bioversity_symfony/app/cache/prod/classes.php line 5156 [] []
[2012-10-02 15:07:35] request.ERROR: Symfony\Component\HttpKernel\Exception\NotFoundHttpException: No route found for "GET /js/bootstrap-popover.js" (uncaught exception) at /home/aczepod/Sites/Bioversity_symfony/app/cache/prod/classes.php line 5156 [] []
[2012-10-02 15:07:35] request.ERROR: Symfony\Component\HttpKernel\Exception\NotFoundHttpException: No route found for "GET /js/bootstrap-button.js" (uncaught exception) at /home/aczepod/Sites/Bioversity_symfony/app/cache/prod/classes.php line 5156 [] []
[2012-10-02 15:07:35] request.ERROR: Symfony\Component\HttpKernel\Exception\NotFoundHttpException: No route found for "GET /js/bootstrap-collapse.js" (uncaught exception) at /home/aczepod/Sites/Bioversity_symfony/app/cache/prod/classes.php line 5156 [] []
[2012-10-02 15:07:35] request.ERROR: Symfony\Component\HttpKernel\Exception\NotFoundHttpException: No route found for "GET /js/bootstrap-carousel.js" (uncaught exception) at /home/aczepod/Sites/Bioversity_symfony/app/cache/prod/classes.php line 5156 [] []
[2012-10-02 15:07:36] request.ERROR: Symfony\Component\HttpKernel\Exception\NotFoundHttpException: No route found for "GET /js/bootstrap-typeahead.js" (uncaught exception) at /home/aczepod/Sites/Bioversity_symfony/app/cache/prod/classes.php line 5156 [] []
[2012-10-02 15:57:51] request.INFO: Matched route "bioversity_ontology_homepage" (parameters: "_controller": "Bioversity\OntologyBundle\Controller\DefaultController::indexAction", "_route": "bioversity_ontology_homepage") [] []
[2012-10-02 15:57:51] request.CRITICAL: Twig_Error_Loader: Unable to find template "::footer.html.twig" in "BioversityOntologyBundle:Default:index.html.twig". (uncaught exception) at /home/aczepod/Sites/Bioversity_symfony/vendor/symfony/symfony/src/Symfony/Bundle/TwigBundle/Loader/FilesystemLoader.php line 82 [] []
[2012-10-02 16:05:23] request.ERROR: Symfony\Component\HttpKernel\Exception\NotFoundHttpException: No route found for "GET /css/style.css" (uncaught exception) at /home/aczepod/Sites/Bioversity_symfony/app/cache/prod/classes.php line 5156 [] []
[2012-10-02 16:05:23] request.ERROR: Symfony\Component\HttpKernel\Exception\NotFoundHttpException: No route found for "GET /js/bootstrap-alert.js" (uncaught exception) at /home/aczepod/Sites/Bioversity_symfony/app/cache/prod/classes.php line 5156 [] []
[2012-10-02 16:05:23] request.ERROR: Symfony\Component\HttpKernel\Exception\NotFoundHttpException: No route found for "GET /css/bootstrap.css" (uncaught exception) at /home/aczepod/Sites/Bioversity_symfony/app/cache/prod/classes.php line 5156 [] []
[2012-10-02 16:05:23] request.ERROR: Symfony\Component\HttpKernel\Exception\NotFoundHttpException: No route found for "GET /js/jquery.js" (uncaught exception) at /home/aczepod/Sites/Bioversity_symfony/app/cache/prod/classes.php line 5156 [] []
[2012-10-02 16:05:23] request.ERROR: Symfony\Component\HttpKernel\Exception\NotFoundHttpException: No route found for "GET /css/bootstrap-responsive.css" (uncaught exception) at /home/aczepod/Sites/Bioversity_symfony/app/cache/prod/classes.php line 5156 [] []
[2012-10-02 16:05:23] request.ERROR: Symfony\Component\HttpKernel\Exception\NotFoundHttpException: No route found for "GET /js/bootstrap-transition.js" (uncaught exception) at /home/aczepod/Sites/Bioversity_symfony/app/cache/prod/classes.php line 5156 [] []
[2012-10-02 16:05:23] request.ERROR: Symfony\Component\HttpKernel\Exception\NotFoundHttpException: No route found for "GET /js/bootstrap-modal.js" (uncaught exception) at /home/aczepod/Sites/Bioversity_symfony/app/cache/prod/classes.php line 5156 [] []
[2012-10-02 16:05:23] request.ERROR: Symfony\Component\HttpKernel\Exception\NotFoundHttpException: No route found for "GET /js/bootstrap-dropdown.js" (uncaught exception) at /home/aczepod/Sites/Bioversity_symfony/app/cache/prod/classes.php line 5156 [] []
[2012-10-02 16:05:23] request.ERROR: Symfony\Component\HttpKernel\Exception\NotFoundHttpException: No route found for "GET /js/bootstrap-tooltip.js" (uncaught exception) at /home/aczepod/Sites/Bioversity_symfony/app/cache/prod/classes.php line 5156 [] []
[2012-10-02 16:05:24] request.ERROR: Symfony\Component\HttpKernel\Exception\NotFoundHttpException: No route found for "GET /js/bootstrap-scrollspy.js" (uncaught exception) at /home/aczepod/Sites/Bioversity_symfony/app/cache/prod/classes.php line 5156 [] []
[2012-10-02 16:05:23] request.ERROR: Symfony\Component\HttpKernel\Exception\NotFoundHttpException: No route found for "GET /js/bootstrap-tab.js" (uncaught exception) at /home/aczepod/Sites/Bioversity_symfony/app/cache/prod/classes.php line 5156 [] []
[2012-10-02 16:05:24] request.ERROR: Symfony\Component\HttpKernel\Exception\NotFoundHttpException: No route found for "GET /js/bootstrap-button.js" (uncaught exception) at /home/aczepod/Sites/Bioversity_symfony/app/cache/prod/classes.php line 5156 [] []
[2012-10-02 16:05:24] request.ERROR: Symfony\Component\HttpKernel\Exception\NotFoundHttpException: No route found for "GET /js/bootstrap-popover.js" (uncaught exception) at /home/aczepod/Sites/Bioversity_symfony/app/cache/prod/classes.php line 5156 [] []
[2012-10-02 16:05:24] request.ERROR: Symfony\Component\HttpKernel\Exception\NotFoundHttpException: No route found for "GET /js/bootstrap-collapse.js" (uncaught exception) at /home/aczepod/Sites/Bioversity_symfony/app/cache/prod/classes.php line 5156 [] []
[2012-10-02 16:05:24] request.ERROR: Symfony\Component\HttpKernel\Exception\NotFoundHttpException: No route found for "GET /js/bootstrap-carousel.js" (uncaught exception) at /home/aczepod/Sites/Bioversity_symfony/app/cache/prod/classes.php line 5156 [] []
[2012-10-02 16:05:24] request.ERROR: Symfony\Component\HttpKernel\Exception\NotFoundHttpException: No route found for "GET /js/bootstrap-typeahead.js" (uncaught exception) at /home/aczepod/Sites/Bioversity_symfony/app/cache/prod/classes.php line 5156 [] []
[2012-10-02 16:05:24] request.ERROR: Symfony\Component\HttpKernel\Exception\NotFoundHttpException: No route found for "GET /img/TIP-logo.gif" (uncaught exception) at /home/aczepod/Sites/Bioversity_symfony/app/cache/prod/classes.php line 5156 [] []
[2012-10-02 16:05:24] request.ERROR: Symfony\Component\HttpKernel\Exception\NotFoundHttpException: No route found for "GET /js/bootstrap-alert.js" (uncaught exception) at /home/aczepod/Sites/Bioversity_symfony/app/cache/prod/classes.php line 5156 [] []
[2012-10-02 16:05:25] request.ERROR: Symfony\Component\HttpKernel\Exception\NotFoundHttpException: No route found for "GET /js/bootstrap-modal.js" (uncaught exception) at /home/aczepod/Sites/Bioversity_symfony/app/cache/prod/classes.php line 5156 [] []
[2012-10-02 16:05:25] request.ERROR: Symfony\Component\HttpKernel\Exception\NotFoundHttpException: No route found for "GET /js/bootstrap-dropdown.js" (uncaught exception) at /home/aczepod/Sites/Bioversity_symfony/app/cache/prod/classes.php line 5156 [] []
[2012-10-02 16:05:25] request.ERROR: Symfony\Component\HttpKernel\Exception\NotFoundHttpException: No route found for "GET /js/bootstrap-scrollspy.js" (uncaught exception) at /home/aczepod/Sites/Bioversity_symfony/app/cache/prod/classes.php line 5156 [] []
[2012-10-02 16:05:25] request.ERROR: Symfony\Component\HttpKernel\Exception\NotFoundHttpException: No route found for "GET /js/bootstrap-tab.js" (uncaught exception) at /home/aczepod/Sites/Bioversity_symfony/app/cache/prod/classes.php line 5156 [] []
[2012-10-02 16:05:25] request.ERROR: Symfony\Component\HttpKernel\Exception\NotFoundHttpException: No route found for "GET /js/bootstrap-tooltip.js" (uncaught exception) at /home/aczepod/Sites/Bioversity_symfony/app/cache/prod/classes.php line 5156 [] []
[2012-10-02 16:05:25] request.ERROR: Symfony\Component\HttpKernel\Exception\NotFoundHttpException: No route found for "GET /js/bootstrap-popover.js" (uncaught exception) at /home/aczepod/Sites/Bioversity_symfony/app/cache/prod/classes.php line 5156 [] []
[2012-10-02 16:05:25] request.ERROR: Symfony\Component\HttpKernel\Exception\NotFoundHttpException: No route found for "GET /js/bootstrap-button.js" (uncaught exception) at /home/aczepod/Sites/Bioversity_symfony/app/cache/prod/classes.php line 5156 [] []
[2012-10-02 16:05:25] request.ERROR: Symfony\Component\HttpKernel\Exception\NotFoundHttpException: No route found for "GET /js/bootstrap-collapse.js" (uncaught exception) at /home/aczepod/Sites/Bioversity_symfony/app/cache/prod/classes.php line 5156 [] []
[2012-10-02 16:05:26] request.ERROR: Symfony\Component\HttpKernel\Exception\NotFoundHttpException: No route found for "GET /js/bootstrap-carousel.js" (uncaught exception) at /home/aczepod/Sites/Bioversity_symfony/app/cache/prod/classes.php line 5156 [] []
[2012-10-02 16:05:26] request.ERROR: Symfony\Component\HttpKernel\Exception\NotFoundHttpException: No route found for "GET /js/bootstrap-typeahead.js" (uncaught exception) at /home/aczepod/Sites/Bioversity_symfony/app/cache/prod/classes.php line 5156 [] []
[2012-10-02 16:05:26] request.ERROR: Symfony\Component\HttpKernel\Exception\NotFoundHttpException: No route found for "GET /img/TIP-logo.gif" (uncaught exception) at /home/aczepod/Sites/Bioversity_symfony/app/cache/prod/classes.php line 5156 [] []
[2012-10-02 16:15:21] request.ERROR: Symfony\Component\HttpKernel\Exception\NotFoundHttpException: No route found for "GET /img/TIP-logo.gif" (uncaught exception) at /home/aczepod/Sites/Bioversity_symfony/app/cache/prod/classes.php line 5156 [] []
[2012-10-02 16:15:21] request.ERROR: Symfony\Component\HttpKernel\Exception\NotFoundHttpException: No route found for "GET /img/bg_yt.png" (uncaught exception) at /home/aczepod/Sites/Bioversity_symfony/app/cache/prod/classes.php line 5156 [] []
[2012-10-02 16:15:21] request.ERROR: Symfony\Component\HttpKernel\Exception\NotFoundHttpException: No route found for "GET /img/TIP-logo.gif" (uncaught exception) at /home/aczepod/Sites/Bioversity_symfony/app/cache/prod/classes.php line 5156 [] []
[2012-10-02 16:16:00] request.ERROR: Symfony\Component\HttpKernel\Exception\NotFoundHttpException: No route found for "GET /img/TIP-logo.gif" (uncaught exception) at /home/aczepod/Sites/Bioversity_symfony/app/cache/prod/classes.php line 5156 [] []
[2012-10-02 16:16:01] request.ERROR: Symfony\Component\HttpKernel\Exception\NotFoundHttpException: No route found for "GET /img/bg_yt.png" (uncaught exception) at /home/aczepod/Sites/Bioversity_symfony/app/cache/prod/classes.php line 5156 [] []
[2012-10-08 13:58:31] request.ERROR: Symfony\Component\HttpKernel\Exception\NotFoundHttpException: No route found for "GET /css/bootstrap.css" (uncaught exception) at /home/aczepod/Sites/Bioversity_symfony/app/cache/prod/classes.php line 5156 [] []
[2012-10-08 13:58:31] request.ERROR: Symfony\Component\HttpKernel\Exception\NotFoundHttpException: No route found for "GET /css/style.css" (uncaught exception) at /home/aczepod/Sites/Bioversity_symfony/app/cache/prod/classes.php line 5156 [] []
[2012-10-08 13:58:31] request.ERROR: Symfony\Component\HttpKernel\Exception\NotFoundHttpException: No route found for "GET /css/bootstrap-responsive.css" (uncaught exception) at /home/aczepod/Sites/Bioversity_symfony/app/cache/prod/classes.php line 5156 [] []
[2012-10-08 13:58:31] request.ERROR: Symfony\Component\HttpKernel\Exception\NotFoundHttpException: No route found for "GET /js/bootstrap-alert.js" (uncaught exception) at /home/aczepod/Sites/Bioversity_symfony/app/cache/prod/classes.php line 5156 [] []
[2012-10-08 13:58:31] request.ERROR: Symfony\Component\HttpKernel\Exception\NotFoundHttpException: No route found for "GET /js/bootstrap-transition.js" (uncaught exception) at /home/aczepod/Sites/Bioversity_symfony/app/cache/prod/classes.php line 5156 [] []
[2012-10-08 13:58:31] request.ERROR: Symfony\Component\HttpKernel\Exception\NotFoundHttpException: No route found for "GET /js/jquery.js" (uncaught exception) at /home/aczepod/Sites/Bioversity_symfony/app/cache/prod/classes.php line 5156 [] []
[2012-10-08 13:58:32] request.ERROR: Symfony\Component\HttpKernel\Exception\NotFoundHttpException: No route found for "GET /js/bootstrap-modal.js" (uncaught exception) at /home/aczepod/Sites/Bioversity_symfony/app/cache/prod/classes.php line 5156 [] []
[2012-10-08 13:58:32] request.ERROR: Symfony\Component\HttpKernel\Exception\NotFoundHttpException: No route found for "GET /js/bootstrap-dropdown.js" (uncaught exception) at /home/aczepod/Sites/Bioversity_symfony/app/cache/prod/classes.php line 5156 [] []
[2012-10-08 13:58:32] request.ERROR: Symfony\Component\HttpKernel\Exception\NotFoundHttpException: No route found for "GET /js/bootstrap-tab.js" (uncaught exception) at /home/aczepod/Sites/Bioversity_symfony/app/cache/prod/classes.php line 5156 [] []
[2012-10-08 13:58:32] request.ERROR: Symfony\Component\HttpKernel\Exception\NotFoundHttpException: No route found for "GET /js/bootstrap-scrollspy.js" (uncaught exception) at /home/aczepod/Sites/Bioversity_symfony/app/cache/prod/classes.php line 5156 [] []
[2012-10-08 13:58:32] request.ERROR: Symfony\Component\HttpKernel\Exception\NotFoundHttpException: No route found for "GET /js/bootstrap-popover.js" (uncaught exception) at /home/aczepod/Sites/Bioversity_symfony/app/cache/prod/classes.php line 5156 [] []
[2012-10-08 13:58:32] request.ERROR: Symfony\Component\HttpKernel\Exception\NotFoundHttpException: No route found for "GET /js/bootstrap-tooltip.js" (uncaught exception) at /home/aczepod/Sites/Bioversity_symfony/app/cache/prod/classes.php line 5156 [] []
[2012-10-08 13:58:32] request.ERROR: Symfony\Component\HttpKernel\Exception\NotFoundHttpException: No route found for "GET /js/bootstrap-button.js" (uncaught exception) at /home/aczepod/Sites/Bioversity_symfony/app/cache/prod/classes.php line 5156 [] []
[2012-10-08 13:58:32] request.ERROR: Symfony\Component\HttpKernel\Exception\NotFoundHttpException: No route found for "GET /js/bootstrap-carousel.js" (uncaught exception) at /home/aczepod/Sites/Bioversity_symfony/app/cache/prod/classes.php line 5156 [] []
[2012-10-08 13:58:32] request.ERROR: Symfony\Component\HttpKernel\Exception\NotFoundHttpException: No route found for "GET /js/bootstrap-collapse.js" (uncaught exception) at /home/aczepod/Sites/Bioversity_symfony/app/cache/prod/classes.php line 5156 [] []
[2012-10-08 13:58:32] request.ERROR: Symfony\Component\HttpKernel\Exception\NotFoundHttpException: No route found for "GET /js/bootstrap-typeahead.js" (uncaught exception) at /home/aczepod/Sites/Bioversity_symfony/app/cache/prod/classes.php line 5156 [] []
[2012-10-08 13:58:32] request.ERROR: Symfony\Component\HttpKernel\Exception\NotFoundHttpException: No route found for "GET /js/487a3c1.js" (uncaught exception) at /home/aczepod/Sites/Bioversity_symfony/app/cache/prod/classes.php line 5156 [] []
[2012-10-08 13:58:32] request.ERROR: Symfony\Component\HttpKernel\Exception\NotFoundHttpException: No route found for "GET /js/bootstrap-transition.js" (uncaught exception) at /home/aczepod/Sites/Bioversity_symfony/app/cache/prod/classes.php line 5156 [] []
[2012-10-08 13:58:32] request.ERROR: Symfony\Component\HttpKernel\Exception\NotFoundHttpException: No route found for "GET /img/TIP-logo.gif" (uncaught exception) at /home/aczepod/Sites/Bioversity_symfony/app/cache/prod/classes.php line 5156 [] []
[2012-10-08 13:58:32] request.ERROR: Symfony\Component\HttpKernel\Exception\NotFoundHttpException: No route found for "GET /js/bootstrap-alert.js" (uncaught exception) at /home/aczepod/Sites/Bioversity_symfony/app/cache/prod/classes.php line 5156 [] []
[2012-10-08 13:58:33] request.ERROR: Symfony\Component\HttpKernel\Exception\NotFoundHttpException: No route found for "GET /js/bootstrap-modal.js" (uncaught exception) at /home/aczepod/Sites/Bioversity_symfony/app/cache/prod/classes.php line 5156 [] []
[2012-10-08 13:58:33] request.ERROR: Symfony\Component\HttpKernel\Exception\NotFoundHttpException: No route found for "GET /js/bootstrap-dropdown.js" (uncaught exception) at /home/aczepod/Sites/Bioversity_symfony/app/cache/prod/classes.php line 5156 [] []
[2012-10-08 13:58:33] request.ERROR: Symfony\Component\HttpKernel\Exception\NotFoundHttpException: No route found for "GET /js/bootstrap-scrollspy.js" (uncaught exception) at /home/aczepod/Sites/Bioversity_symfony/app/cache/prod/classes.php line 5156 [] []
[2012-10-08 13:58:33] request.ERROR: Symfony\Component\HttpKernel\Exception\NotFoundHttpException: No route found for "GET /js/bootstrap-tab.js" (uncaught exception) at /home/aczepod/Sites/Bioversity_symfony/app/cache/prod/classes.php line 5156 [] []
[2012-10-08 13:58:33] request.ERROR: Symfony\Component\HttpKernel\Exception\NotFoundHttpException: No route found for "GET /js/bootstrap-tooltip.js" (uncaught exception) at /home/aczepod/Sites/Bioversity_symfony/app/cache/prod/classes.php line 5156 [] []
[2012-10-08 13:58:33] request.ERROR: Symfony\Component\HttpKernel\Exception\NotFoundHttpException: No route found for "GET /js/bootstrap-popover.js" (uncaught exception) at /home/aczepod/Sites/Bioversity_symfony/app/cache/prod/classes.php line 5156 [] []
[2012-10-08 13:58:33] request.ERROR: Symfony\Component\HttpKernel\Exception\NotFoundHttpException: No route found for "GET /js/bootstrap-button.js" (uncaught exception) at /home/aczepod/Sites/Bioversity_symfony/app/cache/prod/classes.php line 5156 [] []
[2012-10-08 13:58:33] request.ERROR: Symfony\Component\HttpKernel\Exception\NotFoundHttpException: No route found for "GET /js/bootstrap-collapse.js" (uncaught exception) at /home/aczepod/Sites/Bioversity_symfony/app/cache/prod/classes.php line 5156 [] []
[2012-10-08 13:58:33] request.ERROR: Symfony\Component\HttpKernel\Exception\NotFoundHttpException: No route found for "GET /js/bootstrap-carousel.js" (uncaught exception) at /home/aczepod/Sites/Bioversity_symfony/app/cache/prod/classes.php line 5156 [] []
[2012-10-08 13:58:34] request.ERROR: Symfony\Component\HttpKernel\Exception\NotFoundHttpException: No route found for "GET /js/bootstrap-typeahead.js" (uncaught exception) at /home/aczepod/Sites/Bioversity_symfony/app/cache/prod/classes.php line 5156 [] []
[2012-10-08 13:58:34] request.ERROR: Symfony\Component\HttpKernel\Exception\NotFoundHttpException: No route found for "GET /js/487a3c1.js" (uncaught exception) at /home/aczepod/Sites/Bioversity_symfony/app/cache/prod/classes.php line 5156 [] []
[2012-10-08 13:58:34] request.ERROR: Symfony\Component\HttpKernel\Exception\NotFoundHttpException: No route found for "GET /img/TIP-logo.gif" (uncaught exception) at /home/aczepod/Sites/Bioversity_symfony/app/cache/prod/classes.php line 5156 [] []
[2012-10-08 13:58:41] request.ERROR: Symfony\Component\HttpKernel\Exception\NotFoundHttpException: No route found for "GET /img/TIP-logo.gif" (uncaught exception) at /home/aczepod/Sites/Bioversity_symfony/app/cache/prod/classes.php line 5156 [] []
[2012-10-08 13:58:41] request.ERROR: Symfony\Component\HttpKernel\Exception\NotFoundHttpException: No route found for "GET /img/bg_yt.png" (uncaught exception) at /home/aczepod/Sites/Bioversity_symfony/app/cache/prod/classes.php line 5156 [] []
[2012-10-08 13:58:41] request.ERROR: Symfony\Component\HttpKernel\Exception\NotFoundHttpException: No route found for "GET /img/TIP-logo.gif" (uncaught exception) at /home/aczepod/Sites/Bioversity_symfony/app/cache/prod/classes.php line 5156 [] []
[2012-10-08 14:14:31] request.ERROR: Symfony\Component\HttpKernel\Exception\NotFoundHttpException: No route found for "GET /img/TIP-logo.gif" (uncaught exception) at /home/aczepod/Sites/Bioversity_symfony/app/cache/prod/classes.php line 5156 [] []
[2012-10-08 14:14:36] request.ERROR: Symfony\Component\HttpKernel\Exception\NotFoundHttpException: No route found for "GET /TIP-logo.gif" (uncaught exception) at /home/aczepod/Sites/Bioversity_symfony/app/cache/prod/classes.php line 5156 [] []
[2012-10-08 14:14:36] request.ERROR: Symfony\Component\HttpKernel\Exception\NotFoundHttpException: No route found for "GET /TIP-logo.gif" (uncaught exception) at /home/aczepod/Sites/Bioversity_symfony/app/cache/prod/classes.php line 5156 [] []
[2012-10-08 14:14:39] request.ERROR: Symfony\Component\HttpKernel\Exception\NotFoundHttpException: No route found for "GET /iTIP-logo.gif" (uncaught exception) at /home/aczepod/Sites/Bioversity_symfony/app/cache/prod/classes.php line 5156 [] []
[2012-10-08 14:14:39] request.ERROR: Symfony\Component\HttpKernel\Exception\NotFoundHttpException: No route found for "GET /iTIP-logo.gif" (uncaught exception) at /home/aczepod/Sites/Bioversity_symfony/app/cache/prod/classes.php line 5156 [] []
[2012-10-08 14:14:39] request.ERROR: Symfony\Component\HttpKernel\Exception\NotFoundHttpException: No route found for "GET /imgTIP-logo.gif" (uncaught exception) at /home/aczepod/Sites/Bioversity_symfony/app/cache/prod/classes.php line 5156 [] []
[2012-10-08 14:14:40] request.ERROR: Symfony\Component\HttpKernel\Exception\NotFoundHttpException: No route found for "GET /imgTIP-logo.gif" (uncaught exception) at /home/aczepod/Sites/Bioversity_symfony/app/cache/prod/classes.php line 5156 [] []
[2012-10-08 14:14:41] request.ERROR: Symfony\Component\HttpKernel\Exception\NotFoundHttpException: No route found for "GET /img/TIP-logo.gif" (uncaught exception) at /home/aczepod/Sites/Bioversity_symfony/app/cache/prod/classes.php line 5156 [] []
[2012-10-08 14:14:41] request.ERROR: Symfony\Component\HttpKernel\Exception\NotFoundHttpException: No route found for "GET /img/TIP-logo.gif" (uncaught exception) at /home/aczepod/Sites/Bioversity_symfony/app/cache/prod/classes.php line 5156 [] []
[2012-10-08 14:51:40] request.ERROR: Symfony\Component\HttpKernel\Exception\NotFoundHttpException: No route found for "GET /img/TIP-logo.gif" (uncaught exception) at /home/aczepod/Sites/Bioversity_symfony/app/cache/prod/classes.php line 5156 [] []
[2012-10-08 14:51:44] request.ERROR: Symfony\Component\HttpKernel\Exception\NotFoundHttpException: No route found for "GET /images/TIP-logo.gif" (uncaught exception) at /home/aczepod/Sites/Bioversity_symfony/app/cache/prod/classes.php line 5156 [] []
[2012-10-08 14:51:44] request.ERROR: Symfony\Component\HttpKernel\Exception\NotFoundHttpException: No route found for "GET /img/TIP-logo.gif" (uncaught exception) at /home/aczepod/Sites/Bioversity_symfony/app/cache/prod/classes.php line 5156 [] []
[2012-10-08 14:51:45] request.ERROR: Symfony\Component\HttpKernel\Exception\NotFoundHttpException: No route found for "GET /img/bg_yt.png" (uncaught exception) at /home/aczepod/Sites/Bioversity_symfony/app/cache/prod/classes.php line 5156 [] []
[2012-10-08 14:51:45] request.ERROR: Symfony\Component\HttpKernel\Exception\NotFoundHttpException: No route found for "GET /images/TIP-logo.gif" (uncaught exception) at /home/aczepod/Sites/Bioversity_symfony/app/cache/prod/classes.php line 5156 [] []
[2012-10-08 14:51:45] request.ERROR: Symfony\Component\HttpKernel\Exception\NotFoundHttpException: No route found for "GET /img/TIP-logo.gif" (uncaught exception) at /home/aczepod/Sites/Bioversity_symfony/app/cache/prod/classes.php line 5156 [] []
[2012-10-08 14:54:22] request.ERROR: Symfony\Component\HttpKernel\Exception\NotFoundHttpException: No route found for "GET /images/TIP-logo.gif" (uncaught exception) at /home/aczepod/Sites/Bioversity_symfony/app/cache/prod/classes.php line 5156 [] []
[2012-10-08 14:54:22] request.ERROR: Symfony\Component\HttpKernel\Exception\NotFoundHttpException: No route found for "GET /img/TIP-logo.gif" (uncaught exception) at /home/aczepod/Sites/Bioversity_symfony/app/cache/prod/classes.php line 5156 [] []
[2012-10-08 14:54:23] request.ERROR: Symfony\Component\HttpKernel\Exception\NotFoundHttpException: No route found for "GET /img/bg_yt.png" (uncaught exception) at /home/aczepod/Sites/Bioversity_symfony/app/cache/prod/classes.php line 5156 [] []
[2012-10-08 14:54:23] request.ERROR: Symfony\Component\HttpKernel\Exception\NotFoundHttpException: No route found for "GET /images/TIP-logo.gif" (uncaught exception) at /home/aczepod/Sites/Bioversity_symfony/app/cache/prod/classes.php line 5156 [] []
[2012-10-08 14:54:23] request.ERROR: Symfony\Component\HttpKernel\Exception\NotFoundHttpException: No route found for "GET /img/TIP-logo.gif" (uncaught exception) at /home/aczepod/Sites/Bioversity_symfony/app/cache/prod/classes.php line 5156 [] []
[2012-10-08 14:54:30] request.ERROR: Symfony\Component\HttpKernel\Exception\NotFoundHttpException: No route found for "GET /images/TIP-logo.gif" (uncaught exception) at /home/aczepod/Sites/Bioversity_symfony/app/cache/prod/classes.php line 5156 [] []
[2012-10-08 14:55:05] request.ERROR: Symfony\Component\HttpKernel\Exception\NotFoundHttpException: No route found for "GET /images/TIP-logo.gif" (uncaught exception) at /home/aczepod/Sites/Bioversity_symfony/app/cache/prod/classes.php line 5156 [] []
[2012-10-08 14:55:05] request.ERROR: Symfony\Component\HttpKernel\Exception\NotFoundHttpException: No route found for "GET /img/TIP-logo.gif" (uncaught exception) at /home/aczepod/Sites/Bioversity_symfony/app/cache/prod/classes.php line 5156 [] []
[2012-10-08 14:55:06] request.ERROR: Symfony\Component\HttpKernel\Exception\NotFoundHttpException: No route found for "GET /img/bg_yt.png" (uncaught exception) at /home/aczepod/Sites/Bioversity_symfony/app/cache/prod/classes.php line 5156 [] []
[2012-10-08 14:55:06] request.ERROR: Symfony\Component\HttpKernel\Exception\NotFoundHttpException: No route found for "GET /images/TIP-logo.gif" (uncaught exception) at /home/aczepod/Sites/Bioversity_symfony/app/cache/prod/classes.php line 5156 [] []
[2012-10-08 14:55:06] request.ERROR: Symfony\Component\HttpKernel\Exception\NotFoundHttpException: No route found for "GET /img/TIP-logo.gif" (uncaught exception) at /home/aczepod/Sites/Bioversity_symfony/app/cache/prod/classes.php line 5156 [] []
[2012-10-08 14:55:13] request.ERROR: Symfony\Component\HttpKernel\Exception\NotFoundHttpException: No route found for "GET /images/TIP-logo.gif" (uncaught exception) at /home/aczepod/Sites/Bioversity_symfony/app/cache/prod/classes.php line 5156 [] []
[2012-10-08 14:57:35] request.ERROR: Symfony\Component\HttpKernel\Exception\NotFoundHttpException: No route found for "GET /@BioversityOntologyBundle/Resources/public/images/TIP-logo.gif" (uncaught exception) at /home/aczepod/Sites/Bioversity_symfony/app/cache/prod/classes.php line 5156 [] []
[2012-10-08 14:57:35] request.ERROR: Symfony\Component\HttpKernel\Exception\NotFoundHttpException: No route found for "GET /img/TIP-logo.gif" (uncaught exception) at /home/aczepod/Sites/Bioversity_symfony/app/cache/prod/classes.php line 5156 [] []
[2012-10-08 14:57:36] request.ERROR: Symfony\Component\HttpKernel\Exception\NotFoundHttpException: No route found for "GET /img/bg_yt.png" (uncaught exception) at /home/aczepod/Sites/Bioversity_symfony/app/cache/prod/classes.php line 5156 [] []
[2012-10-08 14:57:36] request.ERROR: Symfony\Component\HttpKernel\Exception\NotFoundHttpException: No route found for "GET /@BioversityOntologyBundle/Resources/public/images/TIP-logo.gif" (uncaught exception) at /home/aczepod/Sites/Bioversity_symfony/app/cache/prod/classes.php line 5156 [] []
[2012-10-08 14:57:36] request.ERROR: Symfony\Component\HttpKernel\Exception\NotFoundHttpException: No route found for "GET /img/TIP-logo.gif" (uncaught exception) at /home/aczepod/Sites/Bioversity_symfony/app/cache/prod/classes.php line 5156 [] []
[2012-10-08 14:57:43] request.ERROR: Symfony\Component\HttpKernel\Exception\NotFoundHttpException: No route found for "GET /@BioversityOntologyBundle/Resources/public/images/TIP-logo.gif" (uncaught exception) at /home/aczepod/Sites/Bioversity_symfony/app/cache/prod/classes.php line 5156 [] []
[2012-10-08 14:57:49] request.ERROR: Symfony\Component\HttpKernel\Exception\NotFoundHttpException: No route found for "GET /BioversityOntologyBundle/Resources/public/images/TIP-logo.gif" (uncaught exception) at /home/aczepod/Sites/Bioversity_symfony/app/cache/prod/classes.php line 5156 [] []
[2012-10-08 14:57:49] request.ERROR: Symfony\Component\HttpKernel\Exception\NotFoundHttpException: No route found for "GET /BioversityOntologyBundle/Resources/public/images/TIP-logo.gif" (uncaught exception) at /home/aczepod/Sites/Bioversity_symfony/app/cache/prod/classes.php line 5156 [] []
[2012-10-08 14:57:54] request.ERROR: Symfony\Component\HttpKernel\Exception\NotFoundHttpException: No route found for "GET /public/images/TIP-logo.gif" (uncaught exception) at /home/aczepod/Sites/Bioversity_symfony/app/cache/prod/classes.php line 5156 [] []
[2012-10-08 14:57:54] request.ERROR: Symfony\Component\HttpKernel\Exception\NotFoundHttpException: No route found for "GET /public/images/TIP-logo.gif" (uncaught exception) at /home/aczepod/Sites/Bioversity_symfony/app/cache/prod/classes.php line 5156 [] []
[2012-10-08 14:57:58] request.ERROR: Symfony\Component\HttpKernel\Exception\NotFoundHttpException: No route found for "GET /images/TIP-logo.gif" (uncaught exception) at /home/aczepod/Sites/Bioversity_symfony/app/cache/prod/classes.php line 5156 [] []
[2012-10-08 14:57:59] request.ERROR: Symfony\Component\HttpKernel\Exception\NotFoundHttpException: No route found for "GET /images/TIP-logo.gif" (uncaught exception) at /home/aczepod/Sites/Bioversity_symfony/app/cache/prod/classes.php line 5156 [] []
[2012-10-08 14:59:31] request.ERROR: Symfony\Component\HttpKernel\Exception\NotFoundHttpException: No route found for "GET /images/TIP-logo.gif" (uncaught exception) at /home/aczepod/Sites/Bioversity_symfony/app/cache/prod/classes.php line 5156 [] []
[2012-10-08 14:59:36] request.ERROR: Symfony\Component\HttpKernel\Exception\NotFoundHttpException: No route found for "GET /img/TIP-logo.gif" (uncaught exception) at /home/aczepod/Sites/Bioversity_symfony/app/cache/prod/classes.php line 5156 [] []
[2012-10-08 14:59:36] request.ERROR: Symfony\Component\HttpKernel\Exception\NotFoundHttpException: No route found for "GET /img/bg_yt.png" (uncaught exception) at /home/aczepod/Sites/Bioversity_symfony/app/cache/prod/classes.php line 5156 [] []
[2012-10-08 14:59:36] request.ERROR: Symfony\Component\HttpKernel\Exception\NotFoundHttpException: No route found for "GET /img/TIP-logo.gif" (uncaught exception) at /home/aczepod/Sites/Bioversity_symfony/app/cache/prod/classes.php line 5156 [] []
[2012-10-08 15:01:00] request.ERROR: Symfony\Component\HttpKernel\Exception\NotFoundHttpException: No route found for "GET /img/TIP-logo.gif" (uncaught exception) at /home/aczepod/Sites/Bioversity_symfony/app/cache/prod/classes.php line 5156 [] []
[2012-10-08 15:01:01] request.ERROR: Symfony\Component\HttpKernel\Exception\NotFoundHttpException: No route found for "GET /img/bg_yt.png" (uncaught exception) at /home/aczepod/Sites/Bioversity_symfony/app/cache/prod/classes.php line 5156 [] []
[2012-10-08 15:01:01] request.ERROR: Symfony\Component\HttpKernel\Exception\NotFoundHttpException: No route found for "GET /img/TIP-logo.gif" (uncaught exception) at /home/aczepod/Sites/Bioversity_symfony/app/cache/prod/classes.php line 5156 [] []
[2012-10-08 15:01:51] request.ERROR: Symfony\Component\HttpKernel\Exception\NotFoundHttpException: No route found for "GET /img/TIP-logo.gif" (uncaught exception) at /home/aczepod/Sites/Bioversity_symfony/app/cache/prod/classes.php line 5156 [] []
[2012-10-08 15:01:51] request.ERROR: Symfony\Component\HttpKernel\Exception\NotFoundHttpException: No route found for "GET /img/bg_yt.png" (uncaught exception) at /home/aczepod/Sites/Bioversity_symfony/app/cache/prod/classes.php line 5156 [] []
[2012-10-23 16:21:51] request.ERROR: Symfony\Component\HttpKernel\Exception\NotFoundHttpException: No route found for "GET /img/bg_yt.png" (uncaught exception) at /home/aczepod/Sites/Bioversity_symfony/vendor/symfony/symfony/src/Symfony/Component/HttpKernel/EventListener/RouterListener.php line 92 [] []
[2012-10-23 16:21:51] request.ERROR: Symfony\Component\HttpKernel\Exception\NotFoundHttpException: No route found for "GET /img/TIP-logo.gif" (uncaught exception) at /home/aczepod/Sites/Bioversity_symfony/vendor/symfony/symfony/src/Symfony/Component/HttpKernel/EventListener/RouterListener.php line 92 [] []
[2012-10-23 16:22:59] request.ERROR: Symfony\Component\HttpKernel\Exception\NotFoundHttpException: No route found for "GET /img/bg_yt.png" (uncaught exception) at /home/aczepod/Sites/Bioversity_symfony/vendor/symfony/symfony/src/Symfony/Component/HttpKernel/EventListener/RouterListener.php line 92 [] []
[2012-10-23 16:24:12] request.ERROR: Symfony\Component\HttpKernel\Exception\NotFoundHttpException: No route found for "GET /images/bg_yt.png" (uncaught exception) at /home/aczepod/Sites/Bioversity_symfony/app/cache/prod/classes.php line 5060 [] []
[2012-10-23 16:39:03] request.ERROR: Symfony\Component\HttpKernel\Exception\NotFoundHttpException: No route found for "GET /Resources/public/images/bg_yt.png" (uncaught exception) at /home/aczepod/Sites/Bioversity_symfony/app/cache/prod/classes.php line 5060 [] []
[2012-10-23 16:41:34] request.ERROR: Symfony\Component\HttpKernel\Exception\NotFoundHttpException: No route found for "GET /img/bg_yt.png" (uncaught exception) at /home/aczepod/Sites/Bioversity_symfony/app/cache/prod/classes.php line 5060 [] []
[2012-10-23 16:42:24] request.ERROR: Symfony\Component\HttpKernel\Exception\NotFoundHttpException: No route found for "GET /images/bg_yt.png" (uncaught exception) at /home/aczepod/Sites/Bioversity_symfony/app/cache/prod/classes.php line 5060 [] []
[2012-10-23 16:42:57] request.ERROR: Symfony\Component\HttpKernel\Exception\NotFoundHttpException: No route found for "GET /images/bg_yt.png" (uncaught exception) at /home/aczepod/Sites/Bioversity_symfony/vendor/symfony/symfony/src/Symfony/Component/HttpKernel/EventListener/RouterListener.php line 92 [] []
[2012-10-23 16:50:31] request.ERROR: Symfony\Component\HttpKernel\Exception\NotFoundHttpException: No route found for "GET /Resources/public/images/bg_yt.png" (uncaught exception) at /home/aczepod/Sites/Bioversity_symfony/vendor/symfony/symfony/src/Symfony/Component/HttpKernel/EventListener/RouterListener.php line 92 [] []
[2012-10-23 16:53:22] request.ERROR: Symfony\Component\HttpKernel\Exception\NotFoundHttpException: No route found for "GET /Resources/public/css/bundles/bioversityontology/images/bg_yt.png" (uncaught exception) at /home/aczepod/Sites/Bioversity_symfony/app/cache/prod/classes.php line 5060 [] []
[2012-10-24 12:29:28] request.ERROR: Symfony\Component\HttpKernel\Exception\NotFoundHttpException: No route found for "GET /js/487a3c1.js" (uncaught exception) at /home/aczepod/Sites/Bioversity/app/cache/prod/classes.php line 5060 [] []
[2012-10-24 12:29:28] request.ERROR: Symfony\Component\HttpKernel\Exception\NotFoundHttpException: No route found for "GET /js/f40b08f.js" (uncaught exception) at /home/aczepod/Sites/Bioversity/app/cache/prod/classes.php line 5060 [] []
[2012-10-24 12:29:28] request.ERROR: Symfony\Component\HttpKernel\Exception\NotFoundHttpException: No route found for "GET /css/6d6f477.css" (uncaught exception) at /home/aczepod/Sites/Bioversity/app/cache/prod/classes.php line 5060 [] []
[2012-10-24 12:29:39] request.ERROR: Symfony\Component\HttpKernel\Exception\NotFoundHttpException: No route found for "GET /css/6d6f477.css" (uncaught exception) at /home/aczepod/Sites/Bioversity/app/cache/prod/classes.php line 5060 [] []
[2012-10-24 12:29:39] request.ERROR: Symfony\Component\HttpKernel\Exception\NotFoundHttpException: No route found for "GET /js/f40b08f.js" (uncaught exception) at /home/aczepod/Sites/Bioversity/app/cache/prod/classes.php line 5060 [] []
[2012-10-24 12:34:22] request.ERROR: Symfony\Component\HttpKernel\Exception\NotFoundHttpException: No route found for "GET /css/6d6f477.css" (uncaught exception) at /home/aczepod/Sites/Bioversity/app/cache/prod/classes.php line 5060 [] []
[2012-10-24 12:34:23] request.ERROR: Symfony\Component\HttpKernel\Exception\NotFoundHttpException: No route found for "GET /js/f40b08f.js" (uncaught exception) at /home/aczepod/Sites/Bioversity/app/cache/prod/classes.php line 5060 [] []
[2012-10-24 12:35:05] request.ERROR: Symfony\Component\HttpKernel\Exception\NotFoundHttpException: No route found for "GET /css/6d6f477.css" (uncaught exception) at /home/aczepod/Sites/Bioversity/app/cache/prod/classes.php line 5060 [] []
[2012-10-24 12:35:05] request.ERROR: Symfony\Component\HttpKernel\Exception\NotFoundHttpException: No route found for "GET /js/f40b08f.js" (uncaught exception) at /home/aczepod/Sites/Bioversity/app/cache/prod/classes.php line 5060 [] []
[2012-10-24 12:38:06] request.ERROR: Symfony\Component\HttpKernel\Exception\NotFoundHttpException: No route found for "GET /js/f40b08f.js" (uncaught exception) at /home/aczepod/Sites/Bioversity/app/cache/prod/classes.php line 5060 [] []
[2012-10-24 12:38:06] request.ERROR: Symfony\Component\HttpKernel\Exception\NotFoundHttpException: No route found for "GET /css/6d6f477.css" (uncaught exception) at /home/aczepod/Sites/Bioversity/app/cache/prod/classes.php line 5060 [] []
